<?xml version="1.0" encoding="UTF-8"?>
<testng-results skipped="0" failed="0" ignored="0" total="1" passed="1">
  <reporter-output>
  </reporter-output>
  <suite name="Default suite" duration-ms="328963" started-at="2019-02-14T21:03:27Z" finished-at="2019-02-14T21:08:56Z">
    <groups>
    </groups>
    <test name="Default test" duration-ms="328963" started-at="2019-02-14T21:03:27Z" finished-at="2019-02-14T21:08:56Z">
      <class name="newtopia.ios.FireN">
        <test-method status="PASS" signature="signIn()[pri:1, instance:newtopia.ios.FireN@6eebc39e]" name="signIn" duration-ms="328941" started-at="2019-02-14T21:03:27Z" finished-at="2019-02-14T21:08:56Z">
          <reporter-output>
          </reporter-output>
        </test-method> <!-- signIn -->
        <test-method status="PASS" signature="q()[pri:0, instance:newtopia.ios.FireN@6eebc39e]" name="q" is-config="true" duration-ms="0" started-at="2019-02-14T21:08:56Z" finished-at="2019-02-14T21:08:56Z">
          <reporter-output>
          </reporter-output>
        </test-method> <!-- q -->
      </class> <!-- newtopia.ios.FireN -->
    </test> <!-- Default test -->
  </suite> <!-- Default suite -->
</testng-results>
